This file contains any messages produced by compilers while
running configure, to aid debugging if configure makes a mistake.

It was created by repp configure beta, which was
generated by GNU Autoconf 2.71.  Invocation command line was

  $ ./configure CPPFLAGS=-P

## --------- ##
## Platform. ##
## --------- ##

hostname = DESKTOP-PNH4M81
uname -m = x86_64
uname -r = 5.15.90.1-microsoft-standard-WSL2
uname -s = Linux
uname -v = #1 SMP Fri Jan 27 02:56:13 UTC 2023

/usr/bin/uname -p = x86_64
/bin/uname -X     = unknown

/bin/arch              = x86_64
/usr/bin/arch -k       = unknown
/usr/convex/getsysinfo = unknown
/usr/bin/hostinfo      = unknown
/bin/machine           = unknown
/usr/bin/oslevel       = unknown
/bin/universe          = unknown

PATH: /home/mickey-pech/.local/bin/
PATH: /usr/local/sbin/
PATH: /usr/local/bin/
PATH: /usr/sbin/
PATH: /usr/bin/
PATH: /sbin/
PATH: /bin/
PATH: /usr/games/
PATH: /usr/local/games/
PATH: /usr/lib/wsl/lib/
PATH: /mnt/c/Program Files/WindowsApps/Microsoft.WindowsTerminal_1.17.11461.0_x64__8wekyb3d8bbwe/
PATH: /mnt/c/Windows/system32/
PATH: /mnt/c/Windows/
PATH: /mnt/c/Windows/System32/Wbem/
PATH: /mnt/c/Windows/System32/WindowsPowerShell/v1.0/
PATH: /mnt/c/Windows/System32/OpenSSH/
PATH: /mnt/c/Program Files/dotnet/
PATH: /mnt/c/Users/Skelet0N_0FF/AppData/Local/Programs/Python/Python312/Scripts/
PATH: /mnt/c/Users/Skelet0N_0FF/AppData/Local/Programs/Python/Python312/
PATH: /mnt/c/Users/Skelet0N_0FF/AppData/Local/Microsoft/WindowsApps/
PATH: /mnt/c/Users/Skelet0N_0FF/AppData/Local/Programs/Microsoft VS Code/bin/
PATH: /mnt/c/Program Files/Neovim/bin/
PATH: /mnt/c/Users/Skelet0N_0FF/.dotnet/tools/
PATH: /snap/bin/


## ----------- ##
## Core tests. ##
## ----------- ##

configure:2816: looking for aux files: compile config.guess config.sub ltmain.sh missing install-sh
configure:2829:  trying ./
configure:2858:   ./compile found
configure:2858:   ./config.guess found
configure:2858:   ./config.sub found
configure:2858:   ./ltmain.sh found
configure:2858:   ./missing found
configure:2840:   ./install-sh found
configure:2987: checking for a BSD-compatible install
configure:3060: result: /usr/bin/install -c
configure:3071: checking whether build environment is sane
configure:3126: result: yes
configure:3285: checking for a race-free mkdir -p
configure:3329: result: /usr/bin/mkdir -p
configure:3336: checking for gawk
configure:3357: found /usr/bin/gawk
configure:3368: result: gawk
configure:3379: checking whether make sets $(MAKE)
configure:3402: result: yes
configure:3432: checking whether make supports nested variables
configure:3450: result: yes
configure:3619: checking build system type
configure:3634: result: x86_64-pc-linux-gnu
configure:3654: checking host system type
configure:3668: result: x86_64-pc-linux-gnu
configure:3709: checking how to print strings
configure:3736: result: printf
configure:3770: checking whether make supports the include directive
configure:3785: make -f confmf.GNU && cat confinc.out
this is the am__doit target
configure:3788: $? = 0
configure:3807: result: yes (GNU style)
configure:3883: checking for gcc
configure:3904: found /usr/bin/gcc
configure:3915: result: gcc
configure:4268: checking for C compiler version
configure:4277: gcc --version >&5
gcc (Ubuntu 11.4.0-1ubuntu1~22.04) 11.4.0
Copyright (C) 2021 Free Software Foundation, Inc.
This is free software; see the source for copying conditions.  There is NO
warranty; not even for MERCHANTABILITY or FITNESS FOR A PARTICULAR PURPOSE.

configure:4288: $? = 0
configure:4277: gcc -v >&5
Using built-in specs.
COLLECT_GCC=gcc
COLLECT_LTO_WRAPPER=/usr/lib/gcc/x86_64-linux-gnu/11/lto-wrapper
OFFLOAD_TARGET_NAMES=nvptx-none:amdgcn-amdhsa
OFFLOAD_TARGET_DEFAULT=1
Target: x86_64-linux-gnu
Configured with: ../src/configure -v --with-pkgversion='Ubuntu 11.4.0-1ubuntu1~22.04' --with-bugurl=file:///usr/share/doc/gcc-11/README.Bugs --enable-languages=c,ada,c++,go,brig,d,fortran,objc,obj-c++,m2 --prefix=/usr --with-gcc-major-version-only --program-suffix=-11 --program-prefix=x86_64-linux-gnu- --enable-shared --enable-linker-build-id --libexecdir=/usr/lib --without-included-gettext --enable-threads=posix --libdir=/usr/lib --enable-nls --enable-bootstrap --enable-clocale=gnu --enable-libstdcxx-debug --enable-libstdcxx-time=yes --with-default-libstdcxx-abi=new --enable-gnu-unique-object --disable-vtable-verify --enable-plugin --enable-default-pie --with-system-zlib --enable-libphobos-checking=release --with-target-system-zlib=auto --enable-objc-gc=auto --enable-multiarch --disable-werror --enable-cet --with-arch-32=i686 --with-abi=m64 --with-multilib-list=m32,m64,mx32 --enable-multilib --with-tune=generic --enable-offload-targets=nvptx-none=/build/gcc-11-XeT9lY/gcc-11-11.4.0/debian/tmp-nvptx/usr,amdgcn-amdhsa=/build/gcc-11-XeT9lY/gcc-11-11.4.0/debian/tmp-gcn/usr --without-cuda-driver --enable-checking=release --build=x86_64-linux-gnu --host=x86_64-linux-gnu --target=x86_64-linux-gnu --with-build-config=bootstrap-lto-lean --enable-link-serialization=2
Thread model: posix
Supported LTO compression algorithms: zlib zstd
gcc version 11.4.0 (Ubuntu 11.4.0-1ubuntu1~22.04) 
... rest of stderr output deleted ...
configure:4288: $? = 0
configure:4277: gcc -V >&5
gcc: error: unrecognized command-line option '-V'
gcc: fatal error: no input files
compilation terminated.
configure:4288: $? = 1
configure:4277: gcc -qversion >&5
gcc: error: unrecognized command-line option '-qversion'; did you mean '--version'?
gcc: fatal error: no input files
compilation terminated.
configure:4288: $? = 1
configure:4277: gcc -version >&5
gcc: error: unrecognized command-line option '-version'
gcc: fatal error: no input files
compilation terminated.
configure:4288: $? = 1
configure:4308: checking whether the C compiler works
configure:4330: gcc  -P  conftest.c  >&5
configure:4334: $? = 0
configure:4384: result: yes
configure:4387: checking for C compiler default output file name
configure:4389: result: a.out
configure:4395: checking for suffix of executables
configure:4402: gcc -o conftest  -P  conftest.c  >&5
configure:4406: $? = 0
configure:4429: result: 
configure:4451: checking whether we are cross compiling
configure:4459: gcc -o conftest  -P  conftest.c  >&5
configure:4463: $? = 0
configure:4470: ./conftest
configure:4474: $? = 0
configure:4489: result: no
configure:4494: checking for suffix of object files
configure:4517: gcc -c  -P conftest.c >&5
configure:4521: $? = 0
configure:4543: result: o
configure:4547: checking whether the compiler supports GNU C
configure:4567: gcc -c  -P conftest.c >&5
configure:4567: $? = 0
configure:4577: result: yes
configure:4588: checking whether gcc accepts -g
configure:4609: gcc -c -g -P conftest.c >&5
configure:4609: $? = 0
configure:4653: result: yes
configure:4673: checking for gcc option to enable C11 features
configure:4688: gcc  -c -g -O2 -P conftest.c >&5
configure:4688: $? = 0
configure:4706: result: none needed
configure:4822: checking whether gcc understands -c and -o together
configure:4845: gcc -c conftest.c -o conftest2.o
configure:4848: $? = 0
configure:4845: gcc -c conftest.c -o conftest2.o
configure:4848: $? = 0
configure:4860: result: yes
configure:4879: checking dependency style of gcc
configure:4991: result: gcc3
configure:5006: checking for a sed that does not truncate output
configure:5076: result: /usr/bin/sed
configure:5094: checking for grep that handles long lines and -e
configure:5158: result: /usr/bin/grep
configure:5163: checking for egrep
configure:5231: result: /usr/bin/grep -E
configure:5236: checking for fgrep
configure:5304: result: /usr/bin/grep -F
configure:5340: checking for ld used by gcc
configure:5408: result: /usr/bin/ld
configure:5415: checking if the linker (/usr/bin/ld) is GNU ld
configure:5431: result: yes
configure:5443: checking for BSD- or MS-compatible name lister (nm)
configure:5498: result: /usr/bin/nm -B
configure:5638: checking the name lister (/usr/bin/nm -B) interface
configure:5646: gcc -c -g -O2 -P conftest.c >&5
configure:5649: /usr/bin/nm -B "conftest.o"
configure:5652: output
0000000000000000 B some_variable
configure:5659: result: BSD nm
configure:5662: checking whether ln -s works
configure:5666: result: yes
configure:5674: checking the maximum length of command line arguments
configure:5806: result: 1572864
configure:5854: checking how to convert x86_64-pc-linux-gnu file names to x86_64-pc-linux-gnu format
configure:5895: result: func_convert_file_noop
configure:5902: checking how to convert x86_64-pc-linux-gnu file names to toolchain format
configure:5923: result: func_convert_file_noop
configure:5930: checking for /usr/bin/ld option to reload object files
configure:5938: result: -r
configure:6017: checking for objdump
configure:6038: found /usr/bin/objdump
configure:6049: result: objdump
configure:6081: checking how to recognize dependent libraries
configure:6282: result: pass_all
configure:6372: checking for dlltool
configure:6407: result: no
configure:6437: checking how to associate runtime and link libraries
configure:6465: result: printf %s\n
configure:6531: checking for ar
configure:6552: found /usr/bin/ar
configure:6563: result: ar
configure:6600: checking for archiver @FILE support
configure:6618: gcc -c -g -O2 -P conftest.c >&5
configure:6618: $? = 0
configure:6622: ar cr libconftest.a @conftest.lst >&5
configure:6625: $? = 0
configure:6630: ar cr libconftest.a @conftest.lst >&5
ar: conftest.o: No such file or directory
configure:6633: $? = 1
configure:6645: result: @
configure:6708: checking for strip
configure:6729: found /usr/bin/strip
configure:6740: result: strip
configure:6817: checking for ranlib
configure:6838: found /usr/bin/ranlib
configure:6849: result: ranlib
configure:6951: checking command to parse /usr/bin/nm -B output from gcc object
configure:7105: gcc -c -g -O2 -P conftest.c >&5
configure:7108: $? = 0
configure:7112: /usr/bin/nm -B conftest.o | sed -n -e 's/^.*[	 ]\([ABCDGIRSTW][ABCDGIRSTW]*\)[	 ][	 ]*\([_A-Za-z][_A-Za-z0-9]*\)$/\1 \2 \2/p' | sed '/ __gnu_lto/d' > conftest.nm
configure:7178: gcc -o conftest -g -O2 -P  conftest.c conftstm.o >&5
configure:7181: $? = 0
configure:7219: result: ok
configure:7266: checking for sysroot
configure:7297: result: no
configure:7304: checking for a working dd
configure:7348: result: /usr/bin/dd
configure:7352: checking how to truncate binary pipes
configure:7368: result: /usr/bin/dd bs=4096 count=1
configure:7505: gcc -c -g -O2 -P conftest.c >&5
configure:7508: $? = 0
configure:7705: checking for mt
configure:7726: found /usr/bin/mt
configure:7737: result: mt
configure:7760: checking if mt is a manifest tool
configure:7767: mt '-?'
configure:7775: result: no
configure:8505: checking for stdio.h
configure:8505: gcc -c -g -O2 -P conftest.c >&5
configure:8505: $? = 0
configure:8505: result: yes
configure:8505: checking for stdlib.h
configure:8505: gcc -c -g -O2 -P conftest.c >&5
configure:8505: $? = 0
configure:8505: result: yes
configure:8505: checking for string.h
configure:8505: gcc -c -g -O2 -P conftest.c >&5
configure:8505: $? = 0
configure:8505: result: yes
configure:8505: checking for inttypes.h
configure:8505: gcc -c -g -O2 -P conftest.c >&5
configure:8505: $? = 0
configure:8505: result: yes
configure:8505: checking for stdint.h
configure:8505: gcc -c -g -O2 -P conftest.c >&5
configure:8505: $? = 0
configure:8505: result: yes
configure:8505: checking for strings.h
configure:8505: gcc -c -g -O2 -P conftest.c >&5
configure:8505: $? = 0
configure:8505: result: yes
configure:8505: checking for sys/stat.h
configure:8505: gcc -c -g -O2 -P conftest.c >&5
configure:8505: $? = 0
configure:8505: result: yes
configure:8505: checking for sys/types.h
configure:8505: gcc -c -g -O2 -P conftest.c >&5
configure:8505: $? = 0
configure:8505: result: yes
configure:8505: checking for unistd.h
configure:8505: gcc -c -g -O2 -P conftest.c >&5
configure:8505: $? = 0
configure:8505: result: yes
configure:8530: checking for dlfcn.h
configure:8530: gcc -c -g -O2 -P conftest.c >&5
configure:8530: $? = 0
configure:8530: result: yes
configure:8789: checking for objdir
configure:8805: result: .libs
configure:9069: checking if gcc supports -fno-rtti -fno-exceptions
configure:9088: gcc -c -g -O2 -P -fno-rtti -fno-exceptions conftest.c >&5
cc1: warning: command-line option '-fno-rtti' is valid for C++/D/ObjC++ but not for C
configure:9092: $? = 0
configure:9105: result: no
configure:9469: checking for gcc option to produce PIC
configure:9477: result: -fPIC -DPIC
configure:9485: checking if gcc PIC flag -fPIC -DPIC works
configure:9504: gcc -c -g -O2 -P -fPIC -DPIC -DPIC conftest.c >&5
configure:9508: $? = 0
configure:9521: result: yes
configure:9550: checking if gcc static flag -static works
configure:9579: result: yes
configure:9594: checking if gcc supports -c -o file.o
configure:9616: gcc -c -g -O2 -P -o out/conftest2.o conftest.c >&5
configure:9620: $? = 0
configure:9642: result: yes
configure:9650: checking if gcc supports -c -o file.o
configure:9698: result: yes
configure:9731: checking whether the gcc linker (/usr/bin/ld -m elf_x86_64) supports shared libraries
configure:11001: result: yes
configure:11038: checking whether -lc should be explicitly linked in
configure:11047: gcc -c -g -O2 -P conftest.c >&5
configure:11050: $? = 0
configure:11065: gcc -shared  -fPIC -DPIC conftest.o  -v -Wl,-soname -Wl,conftest -o conftest 2\>\&1 \| /usr/bin/grep  -lc  \>/dev/null 2\>\&1
configure:11068: $? = 0
configure:11082: result: no
configure:11242: checking dynamic linker characteristics
configure:11824: gcc -o conftest -g -O2 -P  -Wl,-rpath -Wl,/foo conftest.c  >&5
configure:11824: $? = 0
configure:12075: result: GNU/Linux ld.so
configure:12197: checking how to hardcode library paths into programs
configure:12222: result: immediate
configure:12774: checking whether stripping libraries is possible
configure:12779: result: yes
configure:12814: checking if libtool supports shared libraries
configure:12816: result: yes
configure:12819: checking whether to build shared libraries
configure:12844: result: yes
configure:12847: checking whether to build static libraries
configure:12851: result: yes
configure:12958: checking for g++
configure:12979: found /usr/bin/g++
configure:12990: result: g++
configure:13017: checking for C++ compiler version
configure:13026: g++ --version >&5
g++ (Ubuntu 11.4.0-1ubuntu1~22.04) 11.4.0
Copyright (C) 2021 Free Software Foundation, Inc.
This is free software; see the source for copying conditions.  There is NO
warranty; not even for MERCHANTABILITY or FITNESS FOR A PARTICULAR PURPOSE.

configure:13037: $? = 0
configure:13026: g++ -v >&5
Using built-in specs.
COLLECT_GCC=g++
COLLECT_LTO_WRAPPER=/usr/lib/gcc/x86_64-linux-gnu/11/lto-wrapper
OFFLOAD_TARGET_NAMES=nvptx-none:amdgcn-amdhsa
OFFLOAD_TARGET_DEFAULT=1
Target: x86_64-linux-gnu
Configured with: ../src/configure -v --with-pkgversion='Ubuntu 11.4.0-1ubuntu1~22.04' --with-bugurl=file:///usr/share/doc/gcc-11/README.Bugs --enable-languages=c,ada,c++,go,brig,d,fortran,objc,obj-c++,m2 --prefix=/usr --with-gcc-major-version-only --program-suffix=-11 --program-prefix=x86_64-linux-gnu- --enable-shared --enable-linker-build-id --libexecdir=/usr/lib --without-included-gettext --enable-threads=posix --libdir=/usr/lib --enable-nls --enable-bootstrap --enable-clocale=gnu --enable-libstdcxx-debug --enable-libstdcxx-time=yes --with-default-libstdcxx-abi=new --enable-gnu-unique-object --disable-vtable-verify --enable-plugin --enable-default-pie --with-system-zlib --enable-libphobos-checking=release --with-target-system-zlib=auto --enable-objc-gc=auto --enable-multiarch --disable-werror --enable-cet --with-arch-32=i686 --with-abi=m64 --with-multilib-list=m32,m64,mx32 --enable-multilib --with-tune=generic --enable-offload-targets=nvptx-none=/build/gcc-11-XeT9lY/gcc-11-11.4.0/debian/tmp-nvptx/usr,amdgcn-amdhsa=/build/gcc-11-XeT9lY/gcc-11-11.4.0/debian/tmp-gcn/usr --without-cuda-driver --enable-checking=release --build=x86_64-linux-gnu --host=x86_64-linux-gnu --target=x86_64-linux-gnu --with-build-config=bootstrap-lto-lean --enable-link-serialization=2
Thread model: posix
Supported LTO compression algorithms: zlib zstd
gcc version 11.4.0 (Ubuntu 11.4.0-1ubuntu1~22.04) 
... rest of stderr output deleted ...
configure:13037: $? = 0
configure:13026: g++ -V >&5
g++: error: unrecognized command-line option '-V'
g++: fatal error: no input files
compilation terminated.
configure:13037: $? = 1
configure:13026: g++ -qversion >&5
g++: error: unrecognized command-line option '-qversion'; did you mean '--version'?
g++: fatal error: no input files
compilation terminated.
configure:13037: $? = 1
configure:13041: checking whether the compiler supports GNU C++
configure:13061: g++ -c  -P conftest.cpp >&5
configure:13061: $? = 0
configure:13071: result: yes
configure:13082: checking whether g++ accepts -g
configure:13103: g++ -c -g -P conftest.cpp >&5
configure:13103: $? = 0
configure:13147: result: yes
configure:13167: checking for g++ option to enable C++11 features
configure:13182: g++  -c -g -O2 -P conftest.cpp >&5
conftest.cpp: In function 'int main(int, char**)':
conftest.cpp:189:25: warning: empty parentheses were disambiguated as a function declaration [-Wvexing-parse]
  189 |   cxx11test::delegate d2();
      |                         ^~
conftest.cpp:189:25: note: remove parentheses to default-initialize a variable
  189 |   cxx11test::delegate d2();
      |                         ^~
      |                         --
conftest.cpp:189:25: note: or replace parentheses with braces to value-initialize a variable
configure:13182: $? = 0
configure:13200: result: none needed
configure:13266: checking dependency style of g++
configure:13378: result: gcc3
configure:13411: checking how to run the C++ preprocessor
configure:13433: g++ -E -P conftest.cpp
configure:13433: $? = 0
configure:13448: g++ -E -P conftest.cpp
conftest.cpp:23:10: fatal error: ac_nonexistent.h: No such file or directory
   23 | #include <ac_nonexistent.h>
      |          ^~~~~~~~~~~~~~~~~~
compilation terminated.
configure:13448: $? = 1
configure: failed program was:
| /* confdefs.h */
| #define PACKAGE_NAME "repp"
| #define PACKAGE_TARNAME "repp"
| #define PACKAGE_VERSION "beta"
| #define PACKAGE_STRING "repp beta"
| #define PACKAGE_BUGREPORT "rdrid@dridan.com"
| #define PACKAGE_URL ""
| #define PACKAGE "repp"
| #define VERSION "beta"
| #define HAVE_STDIO_H 1
| #define HAVE_STDLIB_H 1
| #define HAVE_STRING_H 1
| #define HAVE_INTTYPES_H 1
| #define HAVE_STDINT_H 1
| #define HAVE_STRINGS_H 1
| #define HAVE_SYS_STAT_H 1
| #define HAVE_SYS_TYPES_H 1
| #define HAVE_UNISTD_H 1
| #define STDC_HEADERS 1
| #define HAVE_DLFCN_H 1
| #define LT_OBJDIR ".libs/"
| /* end confdefs.h.  */
| #include <ac_nonexistent.h>
configure:13475: result: g++ -E
configure:13489: g++ -E -P conftest.cpp
configure:13489: $? = 0
configure:13504: g++ -E -P conftest.cpp
conftest.cpp:23:10: fatal error: ac_nonexistent.h: No such file or directory
   23 | #include <ac_nonexistent.h>
      |          ^~~~~~~~~~~~~~~~~~
compilation terminated.
configure:13504: $? = 1
configure: failed program was:
| /* confdefs.h */
| #define PACKAGE_NAME "repp"
| #define PACKAGE_TARNAME "repp"
| #define PACKAGE_VERSION "beta"
| #define PACKAGE_STRING "repp beta"
| #define PACKAGE_BUGREPORT "rdrid@dridan.com"
| #define PACKAGE_URL ""
| #define PACKAGE "repp"
| #define VERSION "beta"
| #define HAVE_STDIO_H 1
| #define HAVE_STDLIB_H 1
| #define HAVE_STRING_H 1
| #define HAVE_INTTYPES_H 1
| #define HAVE_STDINT_H 1
| #define HAVE_STRINGS_H 1
| #define HAVE_SYS_STAT_H 1
| #define HAVE_SYS_TYPES_H 1
| #define HAVE_UNISTD_H 1
| #define STDC_HEADERS 1
| #define HAVE_DLFCN_H 1
| #define LT_OBJDIR ".libs/"
| /* end confdefs.h.  */
| #include <ac_nonexistent.h>
configure:13669: checking for ld used by g++
configure:13737: result: /usr/bin/ld -m elf_x86_64
configure:13744: checking if the linker (/usr/bin/ld -m elf_x86_64) is GNU ld
configure:13760: result: yes
configure:13815: checking whether the g++ linker (/usr/bin/ld -m elf_x86_64) supports shared libraries
configure:14892: result: yes
configure:14928: g++ -c -g -O2 -P conftest.cpp >&5
configure:14931: $? = 0
configure:15412: checking for g++ option to produce PIC
configure:15420: result: -fPIC -DPIC
configure:15428: checking if g++ PIC flag -fPIC -DPIC works
configure:15447: g++ -c -g -O2 -P -fPIC -DPIC -DPIC conftest.cpp >&5
configure:15451: $? = 0
configure:15464: result: yes
configure:15487: checking if g++ static flag -static works
configure:15516: result: yes
configure:15528: checking if g++ supports -c -o file.o
configure:15550: g++ -c -g -O2 -P -o out/conftest2.o conftest.cpp >&5
configure:15554: $? = 0
configure:15576: result: yes
configure:15581: checking if g++ supports -c -o file.o
configure:15629: result: yes
configure:15659: checking whether the g++ linker (/usr/bin/ld -m elf_x86_64) supports shared libraries
configure:15702: result: yes
configure:15844: checking dynamic linker characteristics
configure:16604: result: GNU/Linux ld.so
configure:16669: checking how to hardcode library paths into programs
configure:16694: result: immediate
configure:16739: checking how to run the C preprocessor
configure:16765: gcc -E -P conftest.c
configure:16765: $? = 0
configure:16780: gcc -E -P conftest.c
conftest.c:23:10: fatal error: ac_nonexistent.h: No such file or directory
   23 | #include <ac_nonexistent.h>
      |          ^~~~~~~~~~~~~~~~~~
compilation terminated.
configure:16780: $? = 1
configure: failed program was:
| /* confdefs.h */
| #define PACKAGE_NAME "repp"
| #define PACKAGE_TARNAME "repp"
| #define PACKAGE_VERSION "beta"
| #define PACKAGE_STRING "repp beta"
| #define PACKAGE_BUGREPORT "rdrid@dridan.com"
| #define PACKAGE_URL ""
| #define PACKAGE "repp"
| #define VERSION "beta"
| #define HAVE_STDIO_H 1
| #define HAVE_STDLIB_H 1
| #define HAVE_STRING_H 1
| #define HAVE_INTTYPES_H 1
| #define HAVE_STDINT_H 1
| #define HAVE_STRINGS_H 1
| #define HAVE_SYS_STAT_H 1
| #define HAVE_SYS_TYPES_H 1
| #define HAVE_UNISTD_H 1
| #define STDC_HEADERS 1
| #define HAVE_DLFCN_H 1
| #define LT_OBJDIR ".libs/"
| /* end confdefs.h.  */
| #include <ac_nonexistent.h>
configure:16807: result: gcc -E
configure:16821: gcc -E -P conftest.c
configure:16821: $? = 0
configure:16836: gcc -E -P conftest.c
conftest.c:23:10: fatal error: ac_nonexistent.h: No such file or directory
   23 | #include <ac_nonexistent.h>
      |          ^~~~~~~~~~~~~~~~~~
compilation terminated.
configure:16836: $? = 1
configure: failed program was:
| /* confdefs.h */
| #define PACKAGE_NAME "repp"
| #define PACKAGE_TARNAME "repp"
| #define PACKAGE_VERSION "beta"
| #define PACKAGE_STRING "repp beta"
| #define PACKAGE_BUGREPORT "rdrid@dridan.com"
| #define PACKAGE_URL ""
| #define PACKAGE "repp"
| #define VERSION "beta"
| #define HAVE_STDIO_H 1
| #define HAVE_STDLIB_H 1
| #define HAVE_STRING_H 1
| #define HAVE_INTTYPES_H 1
| #define HAVE_STDINT_H 1
| #define HAVE_STRINGS_H 1
| #define HAVE_SYS_STAT_H 1
| #define HAVE_SYS_TYPES_H 1
| #define HAVE_UNISTD_H 1
| #define STDC_HEADERS 1
| #define HAVE_DLFCN_H 1
| #define LT_OBJDIR ".libs/"
| /* end confdefs.h.  */
| #include <ac_nonexistent.h>
configure:16906: checking for pkg-config
configure:16929: found /usr/bin/pkg-config
configure:16942: result: /usr/bin/pkg-config
configure:17001: checking for unicode/unistr.h
configure:17001: g++ -c  -g -O2  -P conftest.cpp >&5
configure:17001: $? = 0
configure:17001: result: yes
configure:17021: checking ICU library usability
configure:17034: g++ -o conftest  -g -O2  -P   conftest.cpp    >&5
conftest.cpp: In function 'int main()':
conftest.cpp:28:2: error: 'UnicodeString' was not declared in this scope; did you mean 'icu_70::UnicodeString'?
   28 |  UnicodeString s=UNICODE_STRING("foo", 32);
      |  ^~~~~~~~~~~~~
      |  icu_70::UnicodeString
In file included from conftest.cpp:24:
/usr/include/unicode/unistr.h:295:20: note: 'icu_70::UnicodeString' declared here
  295 | class U_COMMON_API UnicodeString : public Replaceable
      |                    ^~~~~~~~~~~~~
configure:17034: $? = 1
configure: failed program was:
| /* confdefs.h */
| #define PACKAGE_NAME "repp"
| #define PACKAGE_TARNAME "repp"
| #define PACKAGE_VERSION "beta"
| #define PACKAGE_STRING "repp beta"
| #define PACKAGE_BUGREPORT "rdrid@dridan.com"
| #define PACKAGE_URL ""
| #define PACKAGE "repp"
| #define VERSION "beta"
| #define HAVE_STDIO_H 1
| #define HAVE_STDLIB_H 1
| #define HAVE_STRING_H 1
| #define HAVE_INTTYPES_H 1
| #define HAVE_STDINT_H 1
| #define HAVE_STRINGS_H 1
| #define HAVE_SYS_STAT_H 1
| #define HAVE_SYS_TYPES_H 1
| #define HAVE_UNISTD_H 1
| #define STDC_HEADERS 1
| #define HAVE_DLFCN_H 1
| #define LT_OBJDIR ".libs/"
| #define HAVE_UNICODE_UNISTR_H 1
| /* end confdefs.h.  */
| #include <unicode/unistr.h>
| int
| main (void)
| {
|  UnicodeString s=UNICODE_STRING("foo", 32);
|   ;
|   return 0;
| }
configure:17039: result: no
configure:17077: error: required ICU library are missing

## ---------------- ##
## Cache variables. ##
## ---------------- ##

ac_cv_build=x86_64-pc-linux-gnu
ac_cv_c_compiler_gnu=yes
ac_cv_cxx_compiler_gnu=yes
ac_cv_env_BOOST_ROOT_set=
ac_cv_env_BOOST_ROOT_value=
ac_cv_env_CCC_set=
ac_cv_env_CCC_value=
ac_cv_env_CC_set=
ac_cv_env_CC_value=
ac_cv_env_CFLAGS_set=
ac_cv_env_CFLAGS_value=
ac_cv_env_CPPFLAGS_set=set
ac_cv_env_CPPFLAGS_value=-P
ac_cv_env_CPP_set=
ac_cv_env_CPP_value=
ac_cv_env_CXXCPP_set=
ac_cv_env_CXXCPP_value=
ac_cv_env_CXXFLAGS_set=
ac_cv_env_CXXFLAGS_value=
ac_cv_env_CXX_set=
ac_cv_env_CXX_value=
ac_cv_env_LDFLAGS_set=
ac_cv_env_LDFLAGS_value=
ac_cv_env_LIBS_set=
ac_cv_env_LIBS_value=
ac_cv_env_LT_SYS_LIBRARY_PATH_set=
ac_cv_env_LT_SYS_LIBRARY_PATH_value=
ac_cv_env_build_alias_set=
ac_cv_env_build_alias_value=
ac_cv_env_host_alias_set=
ac_cv_env_host_alias_value=
ac_cv_env_target_alias_set=
ac_cv_env_target_alias_value=
ac_cv_header_dlfcn_h=yes
ac_cv_header_inttypes_h=yes
ac_cv_header_stdint_h=yes
ac_cv_header_stdio_h=yes
ac_cv_header_stdlib_h=yes
ac_cv_header_string_h=yes
ac_cv_header_strings_h=yes
ac_cv_header_sys_stat_h=yes
ac_cv_header_sys_types_h=yes
ac_cv_header_unicode_unistr_h=yes
ac_cv_header_unistd_h=yes
ac_cv_host=x86_64-pc-linux-gnu
ac_cv_objext=o
ac_cv_path_EGREP='/usr/bin/grep -E'
ac_cv_path_FGREP='/usr/bin/grep -F'
ac_cv_path_GREP=/usr/bin/grep
ac_cv_path_SED=/usr/bin/sed
ac_cv_path_ax_lib_icu_config=/usr/bin/pkg-config
ac_cv_path_install='/usr/bin/install -c'
ac_cv_path_lt_DD=/usr/bin/dd
ac_cv_path_mkdir=/usr/bin/mkdir
ac_cv_prog_AWK=gawk
ac_cv_prog_CPP='gcc -E'
ac_cv_prog_CXXCPP='g++ -E'
ac_cv_prog_ac_ct_AR=ar
ac_cv_prog_ac_ct_CC=gcc
ac_cv_prog_ac_ct_CXX=g++
ac_cv_prog_ac_ct_MANIFEST_TOOL=mt
ac_cv_prog_ac_ct_OBJDUMP=objdump
ac_cv_prog_ac_ct_RANLIB=ranlib
ac_cv_prog_ac_ct_STRIP=strip
ac_cv_prog_cc_c11=
ac_cv_prog_cc_g=yes
ac_cv_prog_cc_stdc=
ac_cv_prog_cxx_11=no
ac_cv_prog_cxx_cxx11=
ac_cv_prog_cxx_g=yes
ac_cv_prog_cxx_stdcxx=
ac_cv_prog_make_make_set=yes
am_cv_CC_dependencies_compiler_type=gcc3
am_cv_CXX_dependencies_compiler_type=gcc3
am_cv_make_support_nested_variables=yes
am_cv_prog_cc_c_o=yes
lt_cv_ar_at_file=@
lt_cv_archive_cmds_need_lc=no
lt_cv_deplibs_check_method=pass_all
lt_cv_file_magic_cmd='$MAGIC_CMD'
lt_cv_file_magic_test_file=
lt_cv_ld_reload_flag=-r
lt_cv_nm_interface='BSD nm'
lt_cv_objdir=.libs
lt_cv_path_LD=/usr/bin/ld
lt_cv_path_LDCXX='/usr/bin/ld -m elf_x86_64'
lt_cv_path_NM='/usr/bin/nm -B'
lt_cv_path_mainfest_tool=no
lt_cv_prog_compiler_c_o=yes
lt_cv_prog_compiler_c_o_CXX=yes
lt_cv_prog_compiler_pic='-fPIC -DPIC'
lt_cv_prog_compiler_pic_CXX='-fPIC -DPIC'
lt_cv_prog_compiler_pic_works=yes
lt_cv_prog_compiler_pic_works_CXX=yes
lt_cv_prog_compiler_rtti_exceptions=no
lt_cv_prog_compiler_static_works=yes
lt_cv_prog_compiler_static_works_CXX=yes
lt_cv_prog_gnu_ld=yes
lt_cv_prog_gnu_ldcxx=yes
lt_cv_sharedlib_from_linklib_cmd='printf %s\n'
lt_cv_shlibpath_overrides_runpath=yes
lt_cv_sys_global_symbol_pipe='sed -n -e '\''s/^.*[	 ]\([ABCDGIRSTW][ABCDGIRSTW]*\)[	 ][	 ]*\([_A-Za-z][_A-Za-z0-9]*\)$/\1 \2 \2/p'\'' | sed '\''/ __gnu_lto/d'\'''
lt_cv_sys_global_symbol_to_c_name_address='sed -n -e '\''s/^: \(.*\) .*$/  {"\1", (void *) 0},/p'\'' -e '\''s/^[ABCDGIRSTW][ABCDGIRSTW]* .* \(.*\)$/  {"\1", (void *) \&\1},/p'\'''
lt_cv_sys_global_symbol_to_c_name_address_lib_prefix='sed -n -e '\''s/^: \(.*\) .*$/  {"\1", (void *) 0},/p'\'' -e '\''s/^[ABCDGIRSTW][ABCDGIRSTW]* .* \(lib.*\)$/  {"\1", (void *) \&\1},/p'\'' -e '\''s/^[ABCDGIRSTW][ABCDGIRSTW]* .* \(.*\)$/  {"lib\1", (void *) \&\1},/p'\'''
lt_cv_sys_global_symbol_to_cdecl='sed -n -e '\''s/^T .* \(.*\)$/extern int \1();/p'\'' -e '\''s/^[ABCDGIRSTW][ABCDGIRSTW]* .* \(.*\)$/extern char \1;/p'\'''
lt_cv_sys_global_symbol_to_import=
lt_cv_sys_max_cmd_len=1572864
lt_cv_to_host_file_cmd=func_convert_file_noop
lt_cv_to_tool_file_cmd=func_convert_file_noop
lt_cv_truncate_bin='/usr/bin/dd bs=4096 count=1'

## ----------------- ##
## Output variables. ##
## ----------------- ##

ACLOCAL='${SHELL} '\''/home/mickey-pech/Python/ScX-python-intensive/Class_18/repp/trunk/missing'\'' aclocal-1.16'
AMDEPBACKSLASH='\'
AMDEP_FALSE='#'
AMDEP_TRUE=''
AMTAR='$${TAR-tar}'
AM_BACKSLASH='\'
AM_DEFAULT_V='$(AM_DEFAULT_VERBOSITY)'
AM_DEFAULT_VERBOSITY='1'
AM_V='$(V)'
AR='ar'
AUTOCONF='${SHELL} '\''/home/mickey-pech/Python/ScX-python-intensive/Class_18/repp/trunk/missing'\'' autoconf'
AUTOHEADER='${SHELL} '\''/home/mickey-pech/Python/ScX-python-intensive/Class_18/repp/trunk/missing'\'' autoheader'
AUTOMAKE='${SHELL} '\''/home/mickey-pech/Python/ScX-python-intensive/Class_18/repp/trunk/missing'\'' automake-1.16'
AWK='gawk'
BOOST_CPPFLAGS=''
BOOST_FILESYSTEM_LDFLAGS=''
BOOST_FILESYSTEM_LDPATH=''
BOOST_FILESYSTEM_LIBS=''
BOOST_LDPATH=''
BOOST_PROGRAM_OPTIONS_LDFLAGS=''
BOOST_PROGRAM_OPTIONS_LDPATH=''
BOOST_PROGRAM_OPTIONS_LIBS=''
BOOST_REGEX_LDFLAGS=''
BOOST_REGEX_LDPATH=''
BOOST_REGEX_LIBS=''
BOOST_ROOT=''
BOOST_SYSTEM_LDFLAGS=''
BOOST_SYSTEM_LDPATH=''
BOOST_SYSTEM_LIBS=''
CC='gcc'
CCDEPMODE='depmode=gcc3'
CFLAGS='-g -O2'
CPP='gcc -E'
CPPFLAGS='-P'
CSCOPE='cscope'
CTAGS='ctags'
CXX='g++'
CXXCPP='g++ -E'
CXXDEPMODE='depmode=gcc3'
CXXFLAGS='-g -O2'
CYGPATH_W='echo'
DEFS=''
DEPDIR='.deps'
DISTCHECK_CONFIGURE_FLAGS=''
DLLTOOL='false'
DSYMUTIL=''
DUMPBIN=''
ECHO_C=''
ECHO_N='-n'
ECHO_T=''
EGREP='/usr/bin/grep -E'
ETAGS='etags'
EXEEXT=''
FGREP='/usr/bin/grep -F'
GREP='/usr/bin/grep'
ICU_CFLAGS=''
ICU_CPPFLAGS=''
ICU_CPPFLAGS_SEARCHPATH=''
ICU_CXXFLAGS=''
ICU_LDFLAGS=''
ICU_LDFLAGS_SEARCHPATH=''
ICU_LIBS=' '
INSTALL_DATA='${INSTALL} -m 644'
INSTALL_PROGRAM='${INSTALL}'
INSTALL_SCRIPT='${INSTALL}'
INSTALL_STRIP_PROGRAM='$(install_sh) -c -s'
LD='/usr/bin/ld -m elf_x86_64'
LDFLAGS=''
LIBOBJS=''
LIBS=''
LIBTOOL='$(SHELL) $(top_builddir)/libtool'
LIPO=''
LN_S='ln -s'
LTLIBOBJS=''
LT_SYS_LIBRARY_PATH=''
MAKEINFO='${SHELL} '\''/home/mickey-pech/Python/ScX-python-intensive/Class_18/repp/trunk/missing'\'' makeinfo'
MANIFEST_TOOL=':'
MKDIR_P='/usr/bin/mkdir -p'
NM='/usr/bin/nm -B'
NMEDIT=''
OBJDUMP='objdump'
OBJEXT='o'
OTOOL64=''
OTOOL=''
PACKAGE='repp'
PACKAGE_BUGREPORT='rdrid@dridan.com'
PACKAGE_NAME='repp'
PACKAGE_STRING='repp beta'
PACKAGE_TARNAME='repp'
PACKAGE_URL=''
PACKAGE_VERSION='beta'
PATH_SEPARATOR=':'
RANLIB='ranlib'
SED='/usr/bin/sed'
SET_MAKE=''
SHELL='/bin/bash'
STRIP='strip'
VERSION='beta'
ac_ct_AR='ar'
ac_ct_CC='gcc'
ac_ct_CXX='g++'
ac_ct_DUMPBIN=''
am__EXEEXT_FALSE=''
am__EXEEXT_TRUE=''
am__fastdepCC_FALSE='#'
am__fastdepCC_TRUE=''
am__fastdepCXX_FALSE='#'
am__fastdepCXX_TRUE=''
am__include='include'
am__isrc=''
am__leading_dot='.'
am__nodep='_no'
am__quote=''
am__tar='$${TAR-tar} chof - "$$tardir"'
am__untar='$${TAR-tar} xf -'
ax_lib_icu_config='/usr/bin/pkg-config'
bindir='${exec_prefix}/bin'
build='x86_64-pc-linux-gnu'
build_alias=''
build_cpu='x86_64'
build_os='linux-gnu'
build_vendor='pc'
datadir='${datarootdir}'
datarootdir='${prefix}/share'
docdir='${datarootdir}/doc/${PACKAGE_TARNAME}'
dvidir='${docdir}'
exec_prefix='NONE'
host='x86_64-pc-linux-gnu'
host_alias=''
host_cpu='x86_64'
host_os='linux-gnu'
host_vendor='pc'
htmldir='${docdir}'
includedir='${prefix}/include'
infodir='${datarootdir}/info'
install_sh='${SHELL} /home/mickey-pech/Python/ScX-python-intensive/Class_18/repp/trunk/install-sh'
libdir='${exec_prefix}/lib'
libexecdir='${exec_prefix}/libexec'
localedir='${datarootdir}/locale'
localstatedir='${prefix}/var'
mandir='${datarootdir}/man'
mkdir_p='$(MKDIR_P)'
oldincludedir='/usr/include'
pdfdir='${docdir}'
prefix='NONE'
program_transform_name='s,x,x,'
psdir='${docdir}'
runstatedir='${localstatedir}/run'
sbindir='${exec_prefix}/sbin'
sharedstatedir='${prefix}/com'
sysconfdir='${prefix}/etc'
target_alias=''

## ----------- ##
## confdefs.h. ##
## ----------- ##

/* confdefs.h */
#define PACKAGE_NAME "repp"
#define PACKAGE_TARNAME "repp"
#define PACKAGE_VERSION "beta"
#define PACKAGE_STRING "repp beta"
#define PACKAGE_BUGREPORT "rdrid@dridan.com"
#define PACKAGE_URL ""
#define PACKAGE "repp"
#define VERSION "beta"
#define HAVE_STDIO_H 1
#define HAVE_STDLIB_H 1
#define HAVE_STRING_H 1
#define HAVE_INTTYPES_H 1
#define HAVE_STDINT_H 1
#define HAVE_STRINGS_H 1
#define HAVE_SYS_STAT_H 1
#define HAVE_SYS_TYPES_H 1
#define HAVE_UNISTD_H 1
#define STDC_HEADERS 1
#define HAVE_DLFCN_H 1
#define LT_OBJDIR ".libs/"
#define HAVE_UNICODE_UNISTR_H 1

configure: exit 1
